<?xml version="1.0" encoding="UTF-8"?>
<!-- Generated by org.testng.reporters.JUnitXMLReporter -->
<testsuite hostname="DESKTOP-NG79I8K" ignored="0" name="cloudBasedFreeCRM_TestCases" tests="1" failures="1" timestamp="2019-12-06T06:32:08 IST" time="0.346" errors="0">
  <testcase name="@AfterClass tearDown" time="0.0" classname="cloudBasedFreeCRM_TestCases.TC_LoginTest_001">
    <failure type="java.lang.NullPointerException">
      <![CDATA[java.lang.NullPointerException
at cloudBasedFreeCRM_TestCases.TC_LoginTest_001.tearDown(TC_LoginTest_001.java:69)
at java.util.ArrayList.forEach(ArrayList.java:1257)
... Removed 25 stack frames]]>
    </failure>
  </testcase> <!-- @AfterClass tearDown -->
  <testcase name="loginTest" time="0.03" classname="cloudBasedFreeCRM_TestCases.TC_LoginTest_001">
    <failure type="java.lang.NullPointerException">
      <![CDATA[java.lang.NullPointerException
at cloudBasedFreeCRM_TestCases.TC_LoginTest_001.loginTest(TC_LoginTest_001.java:27)
at java.util.ArrayList.forEach(ArrayList.java:1257)
... Removed 27 stack frames]]>
    </failure>
  </testcase> <!-- loginTest -->
</testsuite> <!-- cloudBasedFreeCRM_TestCases -->
